********  (C) Copyright Rosetta Commons Member Institutions.  ***************
* Use of Rosetta for commercial purposes may require purchase of a license. *
********  See LICENSE.md or email license@uw.edu for more details. **********
core.init: Checking for fconfig files in pwd and ./rosetta/flags 
core.init: Rosetta version: 2026.06.post.dev+2.main.e5a76a2dbd e5a76a2dbd7e42e1271d0af460926c86e29e59d1 https://github.com/RosettaCommons/rosetta 2026-02-02T18:21:37
core.init: Rosetta extras: []
core.init: command: /home/laugh/rosetta/source/bin/relax.linuxgccrelease -in:file:s /home/laugh/rosetta/nanobody_humanization/07_rosetta_humanized/../01_structure_prediction/fold_humanized_fap_nb_model_0.cif -relax:cartesian -score:weights ref2015_cart -nstruct 5 -out:file:scorefile 02_relax_humanized.sc -out:prefix hum_
basic.random.init_random_generator: 'RNG device' seed mode, using '/dev/urandom', seed=-1354740172 seed_offset=0 real_seed=-1354740172
basic.random.init_random_generator: RandomGenerator:init: Normal mode, seed=-1354740172 RG_type=mt19937
core.init: Resolved executable path: /home/laugh/rosetta/source/build/src/release/linux/6.6/64/x86/gcc/13/default/relax.default.linuxgccrelease
core.init: Looking for database based on location of executable: /home/laugh/rosetta/database/
core.scoring.ScoreFunctionFactory: SCOREFUNCTION: ref2015_cart
core.scoring.etable: Starting energy table calculation
core.scoring.etable: smooth_etable: changing atr/rep split to bottom of energy well
core.scoring.etable: smooth_etable: spline smoothing lj etables (maxdis = 6)
core.scoring.etable: smooth_etable: spline smoothing solvation etables (max_dis = 6)
core.scoring.etable: Finished calculating energy tables.
basic.io.database: Database file opened: scoring/score_functions/hbonds/ref2015_params/HBPoly1D.csv
basic.io.database: Database file opened: scoring/score_functions/hbonds/ref2015_params/HBFadeIntervals.csv
basic.io.database: Database file opened: scoring/score_functions/hbonds/ref2015_params/HBEval.csv
basic.io.database: Database file opened: scoring/score_functions/hbonds/ref2015_params/DonStrength.csv
basic.io.database: Database file opened: scoring/score_functions/hbonds/ref2015_params/AccStrength.csv
core.chemical.GlobalResidueTypeSet: Finished initializing fa_standard residue type set.  Created 985 residue types
core.chemical.GlobalResidueTypeSet: Total time to initialize 0.530261 seconds.
basic.io.database: Database file opened: scoring/score_functions/rama/fd/all.ramaProb
basic.io.database: Database file opened: scoring/score_functions/rama/fd/prepro.ramaProb
basic.io.database: Database file opened: scoring/score_functions/omega/omega_ppdep.all.txt
basic.io.database: Database file opened: scoring/score_functions/omega/omega_ppdep.gly.txt
basic.io.database: Database file opened: scoring/score_functions/omega/omega_ppdep.pro.txt
basic.io.database: Database file opened: scoring/score_functions/omega/omega_ppdep.valile.txt
basic.io.database: Database file opened: scoring/score_functions/P_AA_pp/P_AA
basic.io.database: Database file opened: scoring/score_functions/P_AA_pp/P_AA_n
core.scoring.P_AA: shapovalov_lib::shap_p_aa_pp_smooth_level of 1( aka low_smooth ) got activated.
basic.io.database: Database file opened: scoring/score_functions/P_AA_pp/shapovalov/10deg/kappa131/a20.prop
core.energy_methods.CartesianBondedEnergy: Initializing IdealParametersDatabase with default Ks=300 , 80 , 80 , 10 , 80
basic.io.database: Database file opened: scoring/score_functions/bondlength_bondangle/default-lengths.txt
core.energy_methods.CartesianBondedEnergy: Read 759 bb-independent lengths.
basic.io.database: Database file opened: scoring/score_functions/bondlength_bondangle/default-angles.txt
core.energy_methods.CartesianBondedEnergy: Read 1434 bb-independent angles.
basic.io.database: Database file opened: scoring/score_functions/bondlength_bondangle/default-torsions.txt
core.energy_methods.CartesianBondedEnergy: Read 1 bb-independent torsions.
basic.io.database: Database file opened: scoring/score_functions/bondlength_bondangle/default-improper.txt
core.energy_methods.CartesianBondedEnergy: Read 529 bb-independent improper tors.
protocols.relax.RelaxScriptManager: Reading relax scripts list from database.
protocols.relax.RelaxScriptManager: Looking for MonomerRelax2019.txt
protocols.relax.RelaxScriptManager: ================== Reading script file: /home/laugh/rosetta/database/sampling/relax_scripts/MonomerRelax2019.txt ==================
protocols.relax.RelaxScriptManager: repeat %%nrepeats%%
protocols.relax.RelaxScriptManager: coord_cst_weight 1.0
protocols.relax.RelaxScriptManager: scale:fa_rep 0.040
protocols.relax.RelaxScriptManager: repack
protocols.relax.RelaxScriptManager: scale:fa_rep 0.051
protocols.relax.RelaxScriptManager: min 0.01
protocols.relax.RelaxScriptManager: coord_cst_weight 0.5
protocols.relax.RelaxScriptManager: scale:fa_rep 0.265
protocols.relax.RelaxScriptManager: repack
protocols.relax.RelaxScriptManager: scale:fa_rep 0.280
protocols.relax.RelaxScriptManager: min 0.01
protocols.relax.RelaxScriptManager: coord_cst_weight 0.0
protocols.relax.RelaxScriptManager: scale:fa_rep 0.559
protocols.relax.RelaxScriptManager: repack
protocols.relax.RelaxScriptManager: scale:fa_rep 0.581
protocols.relax.RelaxScriptManager: min 0.01
protocols.relax.RelaxScriptManager: coord_cst_weight 0.0
protocols.relax.RelaxScriptManager: scale:fa_rep 1
protocols.relax.RelaxScriptManager: repack
protocols.relax.RelaxScriptManager: min 0.00001
protocols.relax.RelaxScriptManager: accept_to_best
protocols.relax.RelaxScriptManager: endrepeat
protocols.jd2.PDBJobInputter: Instantiate PDBJobInputter
protocols.jd2.PDBJobInputter: PDBJobInputter::fill_jobs
protocols.jd2.PDBJobInputter: pushed /home/laugh/rosetta/nanobody_humanization/07_rosetta_humanized/../01_structure_prediction/fold_humanized_fap_nb_model_0.cif nstruct indices 1 - 5
protocols.evaluation.ChiWellRmsdEvaluatorCreator: Evaluation Creator active ... 
protocols.jd2.PDBJobInputter: PDBJobInputter::pose_from_job
protocols.jd2.PDBJobInputter: filling pose from PDB /home/laugh/rosetta/nanobody_humanization/07_rosetta_humanized/../01_structure_prediction/fold_humanized_fap_nb_model_0.cif
core.import_pose.import_pose: File '/home/laugh/rosetta/nanobody_humanization/07_rosetta_humanized/../01_structure_prediction/fold_humanized_fap_nb_model_0.cif' automatically determined to be of type mmCIF from contents.
core.conformation.Conformation: Found disulfide between residues 22 95
core.energy_methods.CartesianBondedEnergy: Creating new peptide-bonded energy container (125)
basic.io.database: Database file opened: scoring/score_functions/elec_cp_reps.dat
core.scoring.elec.util: Read 40 countpair representative atoms
core.pack.dunbrack.RotamerLibrary: shapovalov_lib_fixes_enable option is true.
core.pack.dunbrack.RotamerLibrary: shapovalov_lib::shap_dun10_smooth_level of 1( aka lowest_smooth ) got activated.
core.pack.dunbrack.RotamerLibrary: Binary rotamer library selected: /home/laugh/rosetta/database/rotamer/shapovalov/StpDwn_0-0-0/Dunbrack10.lib.bin
core.pack.dunbrack.RotamerLibrary: Using Dunbrack library binary file '/home/laugh/rosetta/database/rotamer/shapovalov/StpDwn_0-0-0/Dunbrack10.lib.bin'.
core.pack.dunbrack.RotamerLibrary: Dunbrack 2010 library took 0.154926 seconds to load from binary
protocols.relax.FastRelax: CMD: repeat  -6.58102  0  0  0.55
protocols.relax.FastRelax: CMD: coord_cst_weight  -6.58102  0  0  0.55
protocols.relax.FastRelax: CMD: scale:fa_rep  -223.749  0  0  0.022
core.pack.task: Packer task: initialize from command line() 
core.pack.pack_rotamers: built 2045 rotamers at 125 positions.
core.pack.interaction_graph.interaction_graph_factory: Instantiating DensePDInteractionGraph
protocols.relax.FastRelax: CMD: repack  -334.808  0  0  0.022
protocols.relax.FastRelax: CMD: scale:fa_rep  -329.199  0  0  0.02805
core.pose.util: [ WARNING ] Unable to find atom_tree atom for this Rosetta branch connection angle: residue 22 BRANCH 1
core.pose.util: [ WARNING ] Unable to find atom_tree atom for this Rosetta branch connection angle: residue 95 BRANCH 1
protocols.relax.FastRelax: CMD: min  -630.883  1.21563  1.21563  0.02805
protocols.relax.FastRelax: CMD: coord_cst_weight  -630.883  1.21563  1.21563  0.02805
protocols.relax.FastRelax: CMD: scale:fa_rep  -396.794  1.21563  1.21563  0.14575
core.pack.task: Packer task: initialize from command line() 
core.pack.pack_rotamers: built 1832 rotamers at 125 positions.
core.pack.interaction_graph.interaction_graph_factory: Instantiating DensePDInteractionGraph
protocols.relax.FastRelax: CMD: repack  -400.416  1.21563  1.21563  0.14575
protocols.relax.FastRelax: CMD: scale:fa_rep  -384.152  1.21563  1.21563  0.154
core.pose.util: [ WARNING ] Unable to find atom_tree atom for this Rosetta branch connection angle: residue 22 BRANCH 1
core.pose.util: [ WARNING ] Unable to find atom_tree atom for this Rosetta branch connection angle: residue 95 BRANCH 1
protocols.relax.FastRelax: CMD: min  -535.773  0.929706  0.929706  0.154
protocols.relax.FastRelax: CMD: coord_cst_weight  -535.773  0.929706  0.929706  0.154
protocols.relax.FastRelax: CMD: scale:fa_rep  -469.129  0.929706  0.929706  0.30745
core.pack.task: Packer task: initialize from command line() 
core.pack.pack_rotamers: built 1769 rotamers at 125 positions.
core.pack.interaction_graph.interaction_graph_factory: Instantiating DensePDInteractionGraph
protocols.relax.FastRelax: CMD: repack  -469.24  0.929706  0.929706  0.30745
protocols.relax.FastRelax: CMD: scale:fa_rep  -463.979  0.929706  0.929706  0.31955
core.pose.util: [ WARNING ] Unable to find atom_tree atom for this Rosetta branch connection angle: residue 22 BRANCH 1
core.pose.util: [ WARNING ] Unable to find atom_tree atom for this Rosetta branch connection angle: residue 95 BRANCH 1
protocols.relax.FastRelax: CMD: min  -488.303  0.830711  0.830711  0.31955
protocols.relax.FastRelax: CMD: coord_cst_weight  -488.303  0.830711  0.830711  0.31955
protocols.relax.FastRelax: CMD: scale:fa_rep  -436.708  0.830711  0.830711  0.55
core.pack.task: Packer task: initialize from command line() 
core.pack.pack_rotamers: built 1779 rotamers at 125 positions.
core.pack.interaction_graph.interaction_graph_factory: Instantiating DensePDInteractionGraph
protocols.relax.FastRelax: CMD: repack  -436.76  0.830711  0.830711  0.55
core.pose.util: [ WARNING ] Unable to find atom_tree atom for this Rosetta branch connection angle: residue 22 BRANCH 1
core.pose.util: [ WARNING ] Unable to find atom_tree atom for this Rosetta branch connection angle: residue 95 BRANCH 1
protocols.relax.FastRelax: CMD: min  -448.926  0.745017  0.745017  0.55
protocols.relax.FastRelax: MRP: 0  -448.926  -448.926  0.745017  0.745017  
protocols.relax.FastRelax: CMD: accept_to_best  -448.926  0.745017  0.745017  0.55
protocols.relax.FastRelax: CMD: endrepeat  -448.926  0.745017  0.745017  0.55
protocols.relax.FastRelax: CMD: coord_cst_weight  -448.926  0.745017  0.745017  0.55
protocols.relax.FastRelax: CMD: scale:fa_rep  -523.006  0.745017  0.745017  0.022
core.pack.task: Packer task: initialize from command line() 
core.pack.pack_rotamers: built 1987 rotamers at 125 positions.
core.pack.interaction_graph.interaction_graph_factory: Instantiating DensePDInteractionGraph
protocols.relax.FastRelax: CMD: repack  -531.674  0.745017  0.745017  0.022
protocols.relax.FastRelax: CMD: scale:fa_rep  -529.526  0.745017  0.745017  0.02805
core.pose.util: [ WARNING ] Unable to find atom_tree atom for this Rosetta branch connection angle: residue 22 BRANCH 1
core.pose.util: [ WARNING ] Unable to find atom_tree atom for this Rosetta branch connection angle: residue 95 BRANCH 1
protocols.relax.FastRelax: CMD: min  -643.319  1.25874  1.25874  0.02805
protocols.relax.FastRelax: CMD: coord_cst_weight  -643.319  1.25874  1.25874  0.02805
protocols.relax.FastRelax: CMD: scale:fa_rep  -408.312  1.25874  1.25874  0.14575
core.pack.task: Packer task: initialize from command line() 
core.pack.pack_rotamers: built 1863 rotamers at 125 positions.
core.pack.interaction_graph.interaction_graph_factory: Instantiating DensePDInteractionGraph
protocols.relax.FastRelax: CMD: repack  -409.22  1.25874  1.25874  0.14575
protocols.relax.FastRelax: CMD: scale:fa_rep  -392.872  1.25874  1.25874  0.154
core.pose.util: [ WARNING ] Unable to find atom_tree atom for this Rosetta branch connection angle: residue 22 BRANCH 1
core.pose.util: [ WARNING ] Unable to find atom_tree atom for this Rosetta branch connection angle: residue 95 BRANCH 1
protocols.relax.FastRelax: CMD: min  -537.99  0.933781  0.933781  0.154
protocols.relax.FastRelax: CMD: coord_cst_weight  -537.99  0.933781  0.933781  0.154
protocols.relax.FastRelax: CMD: scale:fa_rep  -470.571  0.933781  0.933781  0.30745
core.pack.task: Packer task: initialize from command line() 
core.pack.pack_rotamers: built 1783 rotamers at 125 positions.
core.pack.interaction_graph.interaction_graph_factory: Instantiating DensePDInteractionGraph
protocols.relax.FastRelax: CMD: repack  -470.627  0.933781  0.933781  0.30745
protocols.relax.FastRelax: CMD: scale:fa_rep  -465.311  0.933781  0.933781  0.31955
core.pose.util: [ WARNING ] Unable to find atom_tree atom for this Rosetta branch connection angle: residue 22 BRANCH 1
core.pose.util: [ WARNING ] Unable to find atom_tree atom for this Rosetta branch connection angle: residue 95 BRANCH 1
protocols.relax.FastRelax: CMD: min  -489.111  0.831286  0.831286  0.31955
protocols.relax.FastRelax: CMD: coord_cst_weight  -489.111  0.831286  0.831286  0.31955
protocols.relax.FastRelax: CMD: scale:fa_rep  -436.71  0.831286  0.831286  0.55
core.pack.task: Packer task: initialize from command line() 
core.pack.pack_rotamers: built 1775 rotamers at 125 positions.
core.pack.interaction_graph.interaction_graph_factory: Instantiating DensePDInteractionGraph
protocols.relax.FastRelax: CMD: repack  -436.743  0.831286  0.831286  0.55
core.pose.util: [ WARNING ] Unable to find atom_tree atom for this Rosetta branch connection angle: residue 22 BRANCH 1
core.pose.util: [ WARNING ] Unable to find atom_tree atom for this Rosetta branch connection angle: residue 95 BRANCH 1
protocols.relax.FastRelax: CMD: min  -448.595  0.762124  0.762124  0.55
protocols.relax.FastRelax: MRP: 1  -448.595  -448.926  0.745017  0.745017  
protocols.relax.FastRelax: CMD: accept_to_best  -448.595  0.762124  0.762124  0.55
protocols.relax.FastRelax: CMD: endrepeat  -448.595  0.762124  0.762124  0.55
protocols.relax.FastRelax: CMD: coord_cst_weight  -448.595  0.762124  0.762124  0.55
protocols.relax.FastRelax: CMD: scale:fa_rep  -523.979  0.762124  0.762124  0.022
core.pack.task: Packer task: initialize from command line() 
core.pack.pack_rotamers: built 1988 rotamers at 125 positions.
core.pack.interaction_graph.interaction_graph_factory: Instantiating DensePDInteractionGraph
protocols.relax.FastRelax: CMD: repack  -532.566  0.762124  0.762124  0.022
protocols.relax.FastRelax: CMD: scale:fa_rep  -530.364  0.762124  0.762124  0.02805
core.pose.util: [ WARNING ] Unable to find atom_tree atom for this Rosetta branch connection angle: residue 22 BRANCH 1
core.pose.util: [ WARNING ] Unable to find atom_tree atom for this Rosetta branch connection angle: residue 95 BRANCH 1
protocols.relax.FastRelax: CMD: min  -642.425  1.20297  1.20297  0.02805
protocols.relax.FastRelax: CMD: coord_cst_weight  -642.425  1.20297  1.20297  0.02805
protocols.relax.FastRelax: CMD: scale:fa_rep  -410.187  1.20297  1.20297  0.14575
core.pack.task: Packer task: initialize from command line() 
core.pack.pack_rotamers: built 1850 rotamers at 125 positions.
core.pack.interaction_graph.interaction_graph_factory: Instantiating DensePDInteractionGraph
protocols.relax.FastRelax: CMD: repack  -411.04  1.20297  1.20297  0.14575
protocols.relax.FastRelax: CMD: scale:fa_rep  -394.889  1.20297  1.20297  0.154
core.pose.util: [ WARNING ] Unable to find atom_tree atom for this Rosetta branch connection angle: residue 22 BRANCH 1
core.pose.util: [ WARNING ] Unable to find atom_tree atom for this Rosetta branch connection angle: residue 95 BRANCH 1
protocols.relax.FastRelax: CMD: min  -538.606  0.928669  0.928669  0.154
protocols.relax.FastRelax: CMD: coord_cst_weight  -538.606  0.928669  0.928669  0.154
protocols.relax.FastRelax: CMD: scale:fa_rep  -471.127  0.928669  0.928669  0.30745
core.pack.task: Packer task: initialize from command line() 
core.pack.pack_rotamers: built 1787 rotamers at 125 positions.
core.pack.interaction_graph.interaction_graph_factory: Instantiating DensePDInteractionGraph
protocols.relax.FastRelax: CMD: repack  -471.137  0.928669  0.928669  0.30745
protocols.relax.FastRelax: CMD: scale:fa_rep  -465.82  0.928669  0.928669  0.31955
core.pose.util: [ WARNING ] Unable to find atom_tree atom for this Rosetta branch connection angle: residue 22 BRANCH 1
core.pose.util: [ WARNING ] Unable to find atom_tree atom for this Rosetta branch connection angle: residue 95 BRANCH 1
protocols.relax.FastRelax: CMD: min  -488.989  0.83787  0.83787  0.31955
protocols.relax.FastRelax: CMD: coord_cst_weight  -488.989  0.83787  0.83787  0.31955
protocols.relax.FastRelax: CMD: scale:fa_rep  -436.476  0.83787  0.83787  0.55
core.pack.task: Packer task: initialize from command line() 
core.pack.pack_rotamers: built 1775 rotamers at 125 positions.
core.pack.interaction_graph.interaction_graph_factory: Instantiating DensePDInteractionGraph
protocols.relax.FastRelax: CMD: repack  -436.476  0.83787  0.83787  0.55
core.pose.util: [ WARNING ] Unable to find atom_tree atom for this Rosetta branch connection angle: residue 22 BRANCH 1
core.pose.util: [ WARNING ] Unable to find atom_tree atom for this Rosetta branch connection angle: residue 95 BRANCH 1
protocols.relax.FastRelax: CMD: min  -448.489  0.766189  0.766189  0.55
protocols.relax.FastRelax: MRP: 2  -448.489  -448.926  0.745017  0.745017  
protocols.relax.FastRelax: CMD: accept_to_best  -448.489  0.766189  0.766189  0.55
protocols.relax.FastRelax: CMD: endrepeat  -448.489  0.766189  0.766189  0.55
protocols.relax.FastRelax: CMD: coord_cst_weight  -448.489  0.766189  0.766189  0.55
protocols.relax.FastRelax: CMD: scale:fa_rep  -523.514  0.766189  0.766189  0.022
core.pack.task: Packer task: initialize from command line() 
core.pack.pack_rotamers: built 2009 rotamers at 125 positions.
core.pack.interaction_graph.interaction_graph_factory: Instantiating DensePDInteractionGraph
protocols.relax.FastRelax: CMD: repack  -531.614  0.766189  0.766189  0.022
protocols.relax.FastRelax: CMD: scale:fa_rep  -529.479  0.766189  0.766189  0.02805
core.pose.util: [ WARNING ] Unable to find atom_tree atom for this Rosetta branch connection angle: residue 22 BRANCH 1
core.pose.util: [ WARNING ] Unable to find atom_tree atom for this Rosetta branch connection angle: residue 95 BRANCH 1
protocols.relax.FastRelax: CMD: min  -643.287  1.21067  1.21067  0.02805
protocols.relax.FastRelax: CMD: coord_cst_weight  -643.287  1.21067  1.21067  0.02805
protocols.relax.FastRelax: CMD: scale:fa_rep  -411.734  1.21067  1.21067  0.14575
core.pack.task: Packer task: initialize from command line() 
core.pack.pack_rotamers: built 1810 rotamers at 125 positions.
core.pack.interaction_graph.interaction_graph_factory: Instantiating DensePDInteractionGraph
protocols.relax.FastRelax: CMD: repack  -412.638  1.21067  1.21067  0.14575
protocols.relax.FastRelax: CMD: scale:fa_rep  -396.541  1.21067  1.21067  0.154
core.pose.util: [ WARNING ] Unable to find atom_tree atom for this Rosetta branch connection angle: residue 22 BRANCH 1
core.pose.util: [ WARNING ] Unable to find atom_tree atom for this Rosetta branch connection angle: residue 95 BRANCH 1
protocols.relax.FastRelax: CMD: min  -540.228  0.945363  0.945363  0.154
protocols.relax.FastRelax: CMD: coord_cst_weight  -540.228  0.945363  0.945363  0.154
protocols.relax.FastRelax: CMD: scale:fa_rep  -473.374  0.945363  0.945363  0.30745
core.pack.task: Packer task: initialize from command line() 
core.pack.pack_rotamers: built 1786 rotamers at 125 positions.
core.pack.interaction_graph.interaction_graph_factory: Instantiating DensePDInteractionGraph
protocols.relax.FastRelax: CMD: repack  -473.389  0.945363  0.945363  0.30745
protocols.relax.FastRelax: CMD: scale:fa_rep  -468.12  0.945363  0.945363  0.31955
core.pose.util: [ WARNING ] Unable to find atom_tree atom for this Rosetta branch connection angle: residue 22 BRANCH 1
core.pose.util: [ WARNING ] Unable to find atom_tree atom for this Rosetta branch connection angle: residue 95 BRANCH 1
protocols.relax.FastRelax: CMD: min  -490.286  0.853963  0.853963  0.31955
protocols.relax.FastRelax: CMD: coord_cst_weight  -490.286  0.853963  0.853963  0.31955
protocols.relax.FastRelax: CMD: scale:fa_rep  -437.244  0.853963  0.853963  0.55
core.pack.task: Packer task: initialize from command line() 
core.pack.pack_rotamers: built 1780 rotamers at 125 positions.
core.pack.interaction_graph.interaction_graph_factory: Instantiating DensePDInteractionGraph
protocols.relax.FastRelax: CMD: repack  -437.244  0.853963  0.853963  0.55
core.pose.util: [ WARNING ] Unable to find atom_tree atom for this Rosetta branch connection angle: residue 22 BRANCH 1
core.pose.util: [ WARNING ] Unable to find atom_tree atom for this Rosetta branch connection angle: residue 95 BRANCH 1
protocols.relax.FastRelax: CMD: min  -449.567  0.768855  0.768855  0.55
protocols.relax.FastRelax: MRP: 3  -449.567  -449.567  0.768855  0.768855  
protocols.relax.FastRelax: CMD: accept_to_best  -449.567  0.768855  0.768855  0.55
protocols.relax.FastRelax: CMD: endrepeat  -449.567  0.768855  0.768855  0.55
protocols.relax.FastRelax: CMD: coord_cst_weight  -449.567  0.768855  0.768855  0.55
protocols.relax.FastRelax: CMD: scale:fa_rep  -524.56  0.768855  0.768855  0.022
core.pack.task: Packer task: initialize from command line() 
core.pack.pack_rotamers: built 1973 rotamers at 125 positions.
core.pack.interaction_graph.interaction_graph_factory: Instantiating DensePDInteractionGraph
protocols.relax.FastRelax: CMD: repack  -532.594  0.768855  0.768855  0.022
protocols.relax.FastRelax: CMD: scale:fa_rep  -530.475  0.768855  0.768855  0.02805
core.pose.util: [ WARNING ] Unable to find atom_tree atom for this Rosetta branch connection angle: residue 22 BRANCH 1
core.pose.util: [ WARNING ] Unable to find atom_tree atom for this Rosetta branch connection angle: residue 95 BRANCH 1
protocols.relax.FastRelax: CMD: min  -643.305  1.28769  1.28769  0.02805
protocols.relax.FastRelax: CMD: coord_cst_weight  -643.305  1.28769  1.28769  0.02805
protocols.relax.FastRelax: CMD: scale:fa_rep  -410.223  1.28769  1.28769  0.14575
core.pack.task: Packer task: initialize from command line() 
core.pack.pack_rotamers: built 1821 rotamers at 125 positions.
core.pack.interaction_graph.interaction_graph_factory: Instantiating DensePDInteractionGraph
protocols.relax.FastRelax: CMD: repack  -411.36  1.28769  1.28769  0.14575
protocols.relax.FastRelax: CMD: scale:fa_rep  -395.185  1.28769  1.28769  0.154
core.pose.util: [ WARNING ] Unable to find atom_tree atom for this Rosetta branch connection angle: residue 22 BRANCH 1
core.pose.util: [ WARNING ] Unable to find atom_tree atom for this Rosetta branch connection angle: residue 95 BRANCH 1
protocols.relax.FastRelax: CMD: min  -540.438  0.963127  0.963127  0.154
protocols.relax.FastRelax: CMD: coord_cst_weight  -540.438  0.963127  0.963127  0.154
protocols.relax.FastRelax: CMD: scale:fa_rep  -473.678  0.963127  0.963127  0.30745
core.pack.task: Packer task: initialize from command line() 
core.pack.pack_rotamers: built 1792 rotamers at 125 positions.
core.pack.interaction_graph.interaction_graph_factory: Instantiating DensePDInteractionGraph
protocols.relax.FastRelax: CMD: repack  -473.678  0.963127  0.963127  0.30745
protocols.relax.FastRelax: CMD: scale:fa_rep  -468.413  0.963127  0.963127  0.31955
core.pose.util: [ WARNING ] Unable to find atom_tree atom for this Rosetta branch connection angle: residue 22 BRANCH 1
core.pose.util: [ WARNING ] Unable to find atom_tree atom for this Rosetta branch connection angle: residue 95 BRANCH 1
protocols.relax.FastRelax: CMD: min  -490.327  0.86074  0.86074  0.31955
protocols.relax.FastRelax: CMD: coord_cst_weight  -490.327  0.86074  0.86074  0.31955
protocols.relax.FastRelax: CMD: scale:fa_rep  -437.48  0.86074  0.86074  0.55
core.pack.task: Packer task: initialize from command line() 
core.pack.pack_rotamers: built 1785 rotamers at 125 positions.
core.pack.interaction_graph.interaction_graph_factory: Instantiating DensePDInteractionGraph
protocols.relax.FastRelax: CMD: repack  -437.48  0.86074  0.86074  0.55
core.pose.util: [ WARNING ] Unable to find atom_tree atom for this Rosetta branch connection angle: residue 22 BRANCH 1
core.pose.util: [ WARNING ] Unable to find atom_tree atom for this Rosetta branch connection angle: residue 95 BRANCH 1
protocols.relax.FastRelax: CMD: min  -449.39  0.775545  0.775545  0.55
protocols.relax.FastRelax: MRP: 4  -449.39  -449.567  0.768855  0.768855  
protocols.relax.FastRelax: CMD: accept_to_best  -449.39  0.775545  0.775545  0.55
protocols.relax.FastRelax: CMD: endrepeat  -449.39  0.775545  0.775545  0.55
protocols::checkpoint: Deleting checkpoints of FastRelax
protocols.jd2.JobDistributor: hum_fold_humanized_fap_nb_model_0_0001 reported success in 642 seconds
protocols.jd2.PDBJobInputter: PDBJobInputter::pose_from_job
protocols.jd2.PDBJobInputter: filling pose from saved copy /home/laugh/rosetta/nanobody_humanization/07_rosetta_humanized/../01_structure_prediction/fold_humanized_fap_nb_model_0.cif
core.energy_methods.CartesianBondedEnergy: Creating new peptide-bonded energy container (125)
protocols.relax.FastRelax: CMD: repeat  -6.58102  0  0  0.55
protocols.relax.FastRelax: CMD: coord_cst_weight  -6.58102  0  0  0.55
protocols.relax.FastRelax: CMD: scale:fa_rep  -223.749  0  0  0.022
core.pack.task: Packer task: initialize from command line() 
core.pack.pack_rotamers: built 2045 rotamers at 125 positions.
core.pack.interaction_graph.interaction_graph_factory: Instantiating DensePDInteractionGraph
protocols.relax.FastRelax: CMD: repack  -335.617  0  0  0.022
protocols.relax.FastRelax: CMD: scale:fa_rep  -331.01  0  0  0.02805
core.pose.util: [ WARNING ] Unable to find atom_tree atom for this Rosetta branch connection angle: residue 22 BRANCH 1
core.pose.util: [ WARNING ] Unable to find atom_tree atom for this Rosetta branch connection angle: residue 95 BRANCH 1
protocols.relax.FastRelax: CMD: min  -638.338  1.22991  1.22991  0.02805
protocols.relax.FastRelax: CMD: coord_cst_weight  -638.338  1.22991  1.22991  0.02805
protocols.relax.FastRelax: CMD: scale:fa_rep  -401.939  1.22991  1.22991  0.14575
core.pack.task: Packer task: initialize from command line() 
core.pack.pack_rotamers: built 1853 rotamers at 125 positions.
core.pack.interaction_graph.interaction_graph_factory: Instantiating DensePDInteractionGraph
protocols.relax.FastRelax: CMD: repack  -405.426  1.22991  1.22991  0.14575
protocols.relax.FastRelax: CMD: scale:fa_rep  -389.066  1.22991  1.22991  0.154
core.pose.util: [ WARNING ] Unable to find atom_tree atom for this Rosetta branch connection angle: residue 22 BRANCH 1
core.pose.util: [ WARNING ] Unable to find atom_tree atom for this Rosetta branch connection angle: residue 95 BRANCH 1
protocols.relax.FastRelax: CMD: min  -541.556  0.908946  0.908946  0.154
protocols.relax.FastRelax: CMD: coord_cst_weight  -541.556  0.908946  0.908946  0.154
protocols.relax.FastRelax: CMD: scale:fa_rep  -472.044  0.908946  0.908946  0.30745
core.pack.task: Packer task: initialize from command line() 
core.pack.pack_rotamers: built 1787 rotamers at 125 positions.
core.pack.interaction_graph.interaction_graph_factory: Instantiating DensePDInteractionGraph
protocols.relax.FastRelax: CMD: repack  -472.074  0.908946  0.908946  0.30745
protocols.relax.FastRelax: CMD: scale:fa_rep  -466.596  0.908946  0.908946  0.31955
core.pose.util: [ WARNING ] Unable to find atom_tree atom for this Rosetta branch connection angle: residue 22 BRANCH 1
core.pose.util: [ WARNING ] Unable to find atom_tree atom for this Rosetta branch connection angle: residue 95 BRANCH 1
protocols.relax.FastRelax: CMD: min  -490.245  0.806573  0.806573  0.31955
protocols.relax.FastRelax: CMD: coord_cst_weight  -490.245  0.806573  0.806573  0.31955
protocols.relax.FastRelax: CMD: scale:fa_rep  -435.676  0.806573  0.806573  0.55
core.pack.task: Packer task: initialize from command line() 
core.pack.pack_rotamers: built 1766 rotamers at 125 positions.
core.pack.interaction_graph.interaction_graph_factory: Instantiating DensePDInteractionGraph
protocols.relax.FastRelax: CMD: repack  -435.766  0.806573  0.806573  0.55
core.pose.util: [ WARNING ] Unable to find atom_tree atom for this Rosetta branch connection angle: residue 22 BRANCH 1
core.pose.util: [ WARNING ] Unable to find atom_tree atom for this Rosetta branch connection angle: residue 95 BRANCH 1
protocols.relax.FastRelax: CMD: min  -448.312  0.730248  0.730248  0.55
protocols.relax.FastRelax: MRP: 0  -448.312  -448.312  0.730248  0.730248  
protocols.relax.FastRelax: CMD: accept_to_best  -448.312  0.730248  0.730248  0.55
protocols.relax.FastRelax: CMD: endrepeat  -448.312  0.730248  0.730248  0.55
protocols.relax.FastRelax: CMD: coord_cst_weight  -448.312  0.730248  0.730248  0.55
protocols.relax.FastRelax: CMD: scale:fa_rep  -526.266  0.730248  0.730248  0.022
core.pack.task: Packer task: initialize from command line() 
core.pack.pack_rotamers: built 1999 rotamers at 125 positions.
core.pack.interaction_graph.interaction_graph_factory: Instantiating DensePDInteractionGraph
protocols.relax.FastRelax: CMD: repack  -535.807  0.730248  0.730248  0.022
protocols.relax.FastRelax: CMD: scale:fa_rep  -533.394  0.730248  0.730248  0.02805
core.pose.util: [ WARNING ] Unable to find atom_tree atom for this Rosetta branch connection angle: residue 22 BRANCH 1
core.pose.util: [ WARNING ] Unable to find atom_tree atom for this Rosetta branch connection angle: residue 95 BRANCH 1
protocols.relax.FastRelax: CMD: min  -650.015  1.21846  1.21846  0.02805
protocols.relax.FastRelax: CMD: coord_cst_weight  -650.015  1.21846  1.21846  0.02805
protocols.relax.FastRelax: CMD: scale:fa_rep  -410.985  1.21846  1.21846  0.14575
core.pack.task: Packer task: initialize from command line() 
core.pack.pack_rotamers: built 1848 rotamers at 125 positions.
core.pack.interaction_graph.interaction_graph_factory: Instantiating DensePDInteractionGraph
protocols.relax.FastRelax: CMD: repack  -413.208  1.21846  1.21846  0.14575
protocols.relax.FastRelax: CMD: scale:fa_rep  -396.724  1.21846  1.21846  0.154
core.pose.util: [ WARNING ] Unable to find atom_tree atom for this Rosetta branch connection angle: residue 22 BRANCH 1
core.pose.util: [ WARNING ] Unable to find atom_tree atom for this Rosetta branch connection angle: residue 95 BRANCH 1
protocols.relax.FastRelax: CMD: min  -542.897  0.937964  0.937964  0.154
protocols.relax.FastRelax: CMD: coord_cst_weight  -542.897  0.937964  0.937964  0.154
protocols.relax.FastRelax: CMD: scale:fa_rep  -472.634  0.937964  0.937964  0.30745
core.pack.task: Packer task: initialize from command line() 
core.pack.pack_rotamers: built 1794 rotamers at 125 positions.
core.pack.interaction_graph.interaction_graph_factory: Instantiating DensePDInteractionGraph
protocols.relax.FastRelax: CMD: repack  -472.643  0.937964  0.937964  0.30745
protocols.relax.FastRelax: CMD: scale:fa_rep  -467.106  0.937964  0.937964  0.31955
core.pose.util: [ WARNING ] Unable to find atom_tree atom for this Rosetta branch connection angle: residue 22 BRANCH 1
core.pose.util: [ WARNING ] Unable to find atom_tree atom for this Rosetta branch connection angle: residue 95 BRANCH 1
protocols.relax.FastRelax: CMD: min  -490.785  0.82745  0.82745  0.31955
protocols.relax.FastRelax: CMD: coord_cst_weight  -490.785  0.82745  0.82745  0.31955
protocols.relax.FastRelax: CMD: scale:fa_rep  -435.814  0.82745  0.82745  0.55
core.pack.task: Packer task: initialize from command line() 
core.pack.pack_rotamers: built 1769 rotamers at 125 positions.
core.pack.interaction_graph.interaction_graph_factory: Instantiating DensePDInteractionGraph
protocols.relax.FastRelax: CMD: repack  -435.865  0.82745  0.82745  0.55
core.pose.util: [ WARNING ] Unable to find atom_tree atom for this Rosetta branch connection angle: residue 22 BRANCH 1
core.pose.util: [ WARNING ] Unable to find atom_tree atom for this Rosetta branch connection angle: residue 95 BRANCH 1
protocols.relax.FastRelax: CMD: min  -448.461  0.747044  0.747044  0.55
protocols.relax.FastRelax: MRP: 1  -448.461  -448.461  0.747044  0.747044  
protocols.relax.FastRelax: CMD: accept_to_best  -448.461  0.747044  0.747044  0.55
protocols.relax.FastRelax: CMD: endrepeat  -448.461  0.747044  0.747044  0.55
protocols.relax.FastRelax: CMD: coord_cst_weight  -448.461  0.747044  0.747044  0.55
protocols.relax.FastRelax: CMD: scale:fa_rep  -526.457  0.747044  0.747044  0.022
core.pack.task: Packer task: initialize from command line() 
core.pack.pack_rotamers: built 1993 rotamers at 125 positions.
core.pack.interaction_graph.interaction_graph_factory: Instantiating DensePDInteractionGraph
protocols.relax.FastRelax: CMD: repack  -535.958  0.747044  0.747044  0.022
protocols.relax.FastRelax: CMD: scale:fa_rep  -533.561  0.747044  0.747044  0.02805
core.pose.util: [ WARNING ] Unable to find atom_tree atom for this Rosetta branch connection angle: residue 22 BRANCH 1
core.pose.util: [ WARNING ] Unable to find atom_tree atom for this Rosetta branch connection angle: residue 95 BRANCH 1
protocols.relax.FastRelax: CMD: min  -650.144  1.23523  1.23523  0.02805
protocols.relax.FastRelax: CMD: coord_cst_weight  -650.144  1.23523  1.23523  0.02805
protocols.relax.FastRelax: CMD: scale:fa_rep  -410.331  1.23523  1.23523  0.14575
core.pack.task: Packer task: initialize from command line() 
core.pack.pack_rotamers: built 1843 rotamers at 125 positions.
core.pack.interaction_graph.interaction_graph_factory: Instantiating DensePDInteractionGraph
protocols.relax.FastRelax: CMD: repack  -412.632  1.23523  1.23523  0.14575
protocols.relax.FastRelax: CMD: scale:fa_rep  -396.098  1.23523  1.23523  0.154
core.pose.util: [ WARNING ] Unable to find atom_tree atom for this Rosetta branch connection angle: residue 22 BRANCH 1
core.pose.util: [ WARNING ] Unable to find atom_tree atom for this Rosetta branch connection angle: residue 95 BRANCH 1
protocols.relax.FastRelax: CMD: min  -542.835  0.943606  0.943606  0.154
protocols.relax.FastRelax: CMD: coord_cst_weight  -542.835  0.943606  0.943606  0.154
protocols.relax.FastRelax: CMD: scale:fa_rep  -472.491  0.943606  0.943606  0.30745
core.pack.task: Packer task: initialize from command line() 
core.pack.pack_rotamers: built 1793 rotamers at 125 positions.
core.pack.interaction_graph.interaction_graph_factory: Instantiating DensePDInteractionGraph
protocols.relax.FastRelax: CMD: repack  -472.5  0.943606  0.943606  0.30745
protocols.relax.FastRelax: CMD: scale:fa_rep  -466.957  0.943606  0.943606  0.31955
core.pose.util: [ WARNING ] Unable to find atom_tree atom for this Rosetta branch connection angle: residue 22 BRANCH 1
core.pose.util: [ WARNING ] Unable to find atom_tree atom for this Rosetta branch connection angle: residue 95 BRANCH 1
protocols.relax.FastRelax: CMD: min  -490.7  0.834518  0.834518  0.31955
protocols.relax.FastRelax: CMD: coord_cst_weight  -490.7  0.834518  0.834518  0.31955
protocols.relax.FastRelax: CMD: scale:fa_rep  -435.654  0.834518  0.834518  0.55
core.pack.task: Packer task: initialize from command line() 
core.pack.pack_rotamers: built 1761 rotamers at 125 positions.
core.pack.interaction_graph.interaction_graph_factory: Instantiating DensePDInteractionGraph
protocols.relax.FastRelax: CMD: repack  -435.7  0.834518  0.834518  0.55
core.pose.util: [ WARNING ] Unable to find atom_tree atom for this Rosetta branch connection angle: residue 22 BRANCH 1
core.pose.util: [ WARNING ] Unable to find atom_tree atom for this Rosetta branch connection angle: residue 95 BRANCH 1
protocols.relax.FastRelax: CMD: min  -448.428  0.750516  0.750516  0.55
protocols.relax.FastRelax: MRP: 2  -448.428  -448.461  0.747044  0.747044  
protocols.relax.FastRelax: CMD: accept_to_best  -448.428  0.750516  0.750516  0.55
protocols.relax.FastRelax: CMD: endrepeat  -448.428  0.750516  0.750516  0.55
protocols.relax.FastRelax: CMD: coord_cst_weight  -448.428  0.750516  0.750516  0.55
protocols.relax.FastRelax: CMD: scale:fa_rep  -526.413  0.750516  0.750516  0.022
core.pack.task: Packer task: initialize from command line() 
core.pack.pack_rotamers: built 1991 rotamers at 125 positions.
core.pack.interaction_graph.interaction_graph_factory: Instantiating DensePDInteractionGraph
protocols.relax.FastRelax: CMD: repack  -535.946  0.750516  0.750516  0.022
protocols.relax.FastRelax: CMD: scale:fa_rep  -533.54  0.750516  0.750516  0.02805
core.pose.util: [ WARNING ] Unable to find atom_tree atom for thi